<?xml version="1.0" encoding="UTF-8"?>
<!-- Generated by org.testng.reporters.JUnitReportReporter -->
<testsuite hostname="AjayPitampalli" failures="0" tests="1" name="MyRunner.TestRunner" time="2.944" errors="0" timestamp="03 Mar 2023 01:31:45 GMT" skipped="0">
  <testcase classname="MyRunner.TestRunner" name="runScenario" time="2.944"/>
</testsuite> <!-- MyRunner.TestRunner -->
